<?xml version="1.0" encoding="UTF-8"?>
<!-- Generated by org.testng.reporters.JUnitXMLReporter -->
<testsuite hostname="DESKTOP-FQD6JN4" ignored="0" name="Test" tests="2" failures="0" timestamp="03 Mar 2024 22:49:54 GMT" time="3.7" errors="0">
  <testcase name="@BeforeMethod openapp" time="2.345" classname="genericlibrarycom.shoppingapp.Baseclass">
    <failure type="org.openqa.selenium.SessionNotCreatedException" message="session not created: This version of ChromeDriver only supports Chrome version 109
Current browser version is 122.0.6261.95 with binary path C:\Program Files (x86)\Google\Chrome\Application\chrome.exe
Build info: version: &amp;apos;3.141.59&amp;apos;, revision: &amp;apos;e82be7d358&amp;apos;, time: &amp;apos;2018-11-14T08:17:03&amp;apos;
System info: host: &amp;apos;DESKTOP-FQD6JN4&amp;apos;, ip: &amp;apos;192.168.56.1&amp;apos;, os.name: &amp;apos;Windows 10&amp;apos;, os.arch: &amp;apos;amd64&amp;apos;, os.version: &amp;apos;10.0&amp;apos;, java.version: &amp;apos;1.8.0_281&amp;apos;
Driver info: driver.version: ChromeDriver
remote stacktrace: Backtrace:
	(No symbol) [0x00266643]
	(No symbol) [0x001FBE21]
	(No symbol) [0x000FDA9D]
	(No symbol) [0x00122911]
	(No symbol) [0x0011D630]
	(No symbol) [0x0011A899]
	(No symbol) [0x00156917]
	(No symbol) [0x0015655C]
	(No symbol) [0x0014FB76]
	(No symbol) [0x001249C1]
	(No symbol) [0x00125E5D]
	GetHandleVerifier [0x004DA142+2497106]
	GetHandleVerifier [0x005085D3+2686691]
	GetHandleVerifier [0x0050BB9C+2700460]
	GetHandleVerifier [0x00313B10+635936]
	(No symbol) [0x00204A1F]
	(No symbol) [0x0020A418]
	(No symbol) [0x0020A505]
	(No symbol) [0x0021508B]
	BaseThreadInitThunk [0x76847BA9+25]
	RtlInitializeExceptionChain [0x77BABD2B+107]
	RtlClearBits [0x77BABCAF+191]
	(No symbol) [0x00000000]
">
      <![CDATA[org.openqa.selenium.SessionNotCreatedException: session not created: This version of ChromeDriver only supports Chrome version 109
Current browser version is 122.0.6261.95 with binary path C:\Program Files (x86)\Google\Chrome\Application\chrome.exe
Build info: version: '3.141.59', revision: 'e82be7d358', time: '2018-11-14T08:17:03'
System info: host: 'DESKTOP-FQD6JN4', ip: '192.168.56.1', os.name: 'Windows 10', os.arch: 'amd64', os.version: '10.0', java.version: '1.8.0_281'
Driver info: driver.version: ChromeDriver
remote stacktrace: Backtrace:
(No symbol) [0x00266643]
(No symbol) [0x001FBE21]
(No symbol) [0x000FDA9D]
(No symbol) [0x00122911]
(No symbol) [0x0011D630]
(No symbol) [0x0011A899]
(No symbol) [0x00156917]
(No symbol) [0x0015655C]
(No symbol) [0x0014FB76]
(No symbol) [0x001249C1]
(No symbol) [0x00125E5D]
GetHandleVerifier [0x004DA142+2497106]
GetHandleVerifier [0x005085D3+2686691]
GetHandleVerifier [0x0050BB9C+2700460]
GetHandleVerifier [0x00313B10+635936]
(No symbol) [0x00204A1F]
(No symbol) [0x0020A418]
(No symbol) [0x0020A505]
(No symbol) [0x0021508B]
BaseThreadInitThunk [0x76847BA9+25]
RtlInitializeExceptionChain [0x77BABD2B+107]
RtlClearBits [0x77BABCAF+191]
(No symbol) [0x00000000]

at org.openqa.selenium.remote.W3CHandshakeResponse.lambda$errorHandler$0(W3CHandshakeResponse.java:62)
at org.openqa.selenium.remote.HandshakeResponse.lambda$getResponseFunction$0(HandshakeResponse.java:30)
at org.openqa.selenium.remote.ProtocolHandshake.lambda$createSession$0(ProtocolHandshake.java:126)
at java.util.stream.ReferencePipeline$3$1.accept(ReferencePipeline.java:193)
at java.util.Spliterators$ArraySpliterator.tryAdvance(Spliterators.java:958)
at java.util.stream.ReferencePipeline.forEachWithCancel(ReferencePipeline.java:126)
at java.util.stream.AbstractPipeline.copyIntoWithCancel(AbstractPipeline.java:499)
at java.util.stream.AbstractPipeline.copyInto(AbstractPipeline.java:486)
at java.util.stream.AbstractPipeline.wrapAndCopyInto(AbstractPipeline.java:472)
at java.util.stream.FindOps$FindOp.evaluateSequential(FindOps.java:152)
at java.util.stream.AbstractPipeline.evaluate(AbstractPipeline.java:234)
at java.util.stream.ReferencePipeline.findFirst(ReferencePipeline.java:464)
at org.openqa.selenium.remote.ProtocolHandshake.createSession(ProtocolHandshake.java:128)
at org.openqa.selenium.remote.ProtocolHandshake.createSession(ProtocolHandshake.java:74)
at org.openqa.selenium.remote.HttpCommandExecutor.execute(HttpCommandExecutor.java:136)
at org.openqa.selenium.remote.service.DriverCommandExecutor.execute(DriverCommandExecutor.java:83)
at org.openqa.selenium.remote.RemoteWebDriver.execute(RemoteWebDriver.java:552)
at org.openqa.selenium.remote.RemoteWebDriver.startSession(RemoteWebDriver.java:213)
at org.openqa.selenium.remote.RemoteWebDriver.<init>(RemoteWebDriver.java:131)
at org.openqa.selenium.chrome.ChromeDriver.<init>(ChromeDriver.java:181)
at org.openqa.selenium.chrome.ChromeDriver.<init>(ChromeDriver.java:168)
at org.openqa.selenium.chrome.ChromeDriver.<init>(ChromeDriver.java:123)
at genericlibrarycom.shoppingapp.Baseclass.openapp(Baseclass.java:29)
... Removed 32 stack frames]]>
    </failure>
  </testcase> <!-- @BeforeMethod openapp -->
  <testcase name="@AfterMethod closeapp" time="0.0" classname="genericlibrarycom.shoppingapp.Baseclass">
    <skipped/>
  </testcase> <!-- @AfterMethod closeapp -->
  <testcase name="@BeforeMethod openapp" time="1.293" classname="genericlibrarycom.shoppingapp.Baseclass">
    <failure type="org.openqa.selenium.SessionNotCreatedException" message="session not created: This version of ChromeDriver only supports Chrome version 109
Current browser version is 122.0.6261.95 with binary path C:\Program Files (x86)\Google\Chrome\Application\chrome.exe
Build info: version: &amp;apos;3.141.59&amp;apos;, revision: &amp;apos;e82be7d358&amp;apos;, time: &amp;apos;2018-11-14T08:17:03&amp;apos;
System info: host: &amp;apos;DESKTOP-FQD6JN4&amp;apos;, ip: &amp;apos;192.168.56.1&amp;apos;, os.name: &amp;apos;Windows 10&amp;apos;, os.arch: &amp;apos;amd64&amp;apos;, os.version: &amp;apos;10.0&amp;apos;, java.version: &amp;apos;1.8.0_281&amp;apos;
Driver info: driver.version: ChromeDriver
remote stacktrace: Backtrace:
	(No symbol) [0x00266643]
	(No symbol) [0x001FBE21]
	(No symbol) [0x000FDA9D]
	(No symbol) [0x00122911]
	(No symbol) [0x0011D630]
	(No symbol) [0x0011A899]
	(No symbol) [0x00156917]
	(No symbol) [0x0015655C]
	(No symbol) [0x0014FB76]
	(No symbol) [0x001249C1]
	(No symbol) [0x00125E5D]
	GetHandleVerifier [0x004DA142+2497106]
	GetHandleVerifier [0x005085D3+2686691]
	GetHandleVerifier [0x0050BB9C+2700460]
	GetHandleVerifier [0x00313B10+635936]
	(No symbol) [0x00204A1F]
	(No symbol) [0x0020A418]
	(No symbol) [0x0020A505]
	(No symbol) [0x0021508B]
	BaseThreadInitThunk [0x76847BA9+25]
	RtlInitializeExceptionChain [0x77BABD2B+107]
	RtlClearBits [0x77BABCAF+191]
	(No symbol) [0x00000000]
">
      <![CDATA[org.openqa.selenium.SessionNotCreatedException: session not created: This version of ChromeDriver only supports Chrome version 109
Current browser version is 122.0.6261.95 with binary path C:\Program Files (x86)\Google\Chrome\Application\chrome.exe
Build info: version: '3.141.59', revision: 'e82be7d358', time: '2018-11-14T08:17:03'
System info: host: 'DESKTOP-FQD6JN4', ip: '192.168.56.1', os.name: 'Windows 10', os.arch: 'amd64', os.version: '10.0', java.version: '1.8.0_281'
Driver info: driver.version: ChromeDriver
remote stacktrace: Backtrace:
(No symbol) [0x00266643]
(No symbol) [0x001FBE21]
(No symbol) [0x000FDA9D]
(No symbol) [0x00122911]
(No symbol) [0x0011D630]
(No symbol) [0x0011A899]
(No symbol) [0x00156917]
(No symbol) [0x0015655C]
(No symbol) [0x0014FB76]
(No symbol) [0x001249C1]
(No symbol) [0x00125E5D]
GetHandleVerifier [0x004DA142+2497106]
GetHandleVerifier [0x005085D3+2686691]
GetHandleVerifier [0x0050BB9C+2700460]
GetHandleVerifier [0x00313B10+635936]
(No symbol) [0x00204A1F]
(No symbol) [0x0020A418]
(No symbol) [0x0020A505]
(No symbol) [0x0021508B]
BaseThreadInitThunk [0x76847BA9+25]
RtlInitializeExceptionChain [0x77BABD2B+107]
RtlClearBits [0x77BABCAF+191]
(No symbol) [0x00000000]

at org.openqa.selenium.remote.W3CHandshakeResponse.lambda$errorHandler$0(W3CHandshakeResponse.java:62)
at org.openqa.selenium.remote.HandshakeResponse.lambda$getResponseFunction$0(HandshakeResponse.java:30)
at org.openqa.selenium.remote.ProtocolHandshake.lambda$createSession$0(ProtocolHandshake.java:126)
at java.util.stream.ReferencePipeline$3$1.accept(ReferencePipeline.java:193)
at java.util.Spliterators$ArraySpliterator.tryAdvance(Spliterators.java:958)
at java.util.stream.ReferencePipeline.forEachWithCancel(ReferencePipeline.java:126)
at java.util.stream.AbstractPipeline.copyIntoWithCancel(AbstractPipeline.java:499)
at java.util.stream.AbstractPipeline.copyInto(AbstractPipeline.java:486)
at java.util.stream.AbstractPipeline.wrapAndCopyInto(AbstractPipeline.java:472)
at java.util.stream.FindOps$FindOp.evaluateSequential(FindOps.java:152)
at java.util.stream.AbstractPipeline.evaluate(AbstractPipeline.java:234)
at java.util.stream.ReferencePipeline.findFirst(ReferencePipeline.java:464)
at org.openqa.selenium.remote.ProtocolHandshake.createSession(ProtocolHandshake.java:128)
at org.openqa.selenium.remote.ProtocolHandshake.createSession(ProtocolHandshake.java:74)
at org.openqa.selenium.remote.HttpCommandExecutor.execute(HttpCommandExecutor.java:136)
at org.openqa.selenium.remote.service.DriverCommandExecutor.execute(DriverCommandExecutor.java:83)
at org.openqa.selenium.remote.RemoteWebDriver.execute(RemoteWebDriver.java:552)
at org.openqa.selenium.remote.RemoteWebDriver.startSession(RemoteWebDriver.java:213)
at org.openqa.selenium.remote.RemoteWebDriver.<init>(RemoteWebDriver.java:131)
at org.openqa.selenium.chrome.ChromeDriver.<init>(ChromeDriver.java:181)
at org.openqa.selenium.chrome.ChromeDriver.<init>(ChromeDriver.java:168)
at org.openqa.selenium.chrome.ChromeDriver.<init>(ChromeDriver.java:123)
at genericlibrarycom.shoppingapp.Baseclass.openapp(Baseclass.java:29)
... Removed 32 stack frames]]>
    </failure>
  </testcase> <!-- @BeforeMethod openapp -->
  <testcase name="@AfterMethod closeapp" time="0.0" classname="genericlibrarycom.shoppingapp.Baseclass">
    <skipped/>
  </testcase> <!-- @AfterMethod closeapp -->
  <testcase name="productdeliver" time="0.0" classname="com.kmshoppingapp.testscripts.DeliveryProduct">
    <skipped/>
  </testcase> <!-- productdeliver -->
  <testcase name="addigncart" time="0.0" classname="com.kmshoppingapp.testscripts.AddingProductcart">
    <skipped/>
  </testcase> <!-- addigncart -->
</testsuite> <!-- Test -->
